2024-04-23 20:23:49.500  INFO 18276 --- [restartedMain] cn.zwz.Application                       : Starting Application using Java 17.0.9 on LAPTOP-G5MHB052 with PID 18276 (D:\Graduation-project\back\target\classes started by Abin in D:\Graduation-project\back)
2024-04-23 20:23:49.508  INFO 18276 --- [restartedMain] cn.zwz.Application                       : No active profile set, falling back to 1 default profile: "default"
2024-04-23 20:23:49.564  INFO 18276 --- [restartedMain] .e.DevToolsPropertyDefaultsPostProcessor : Devtools property defaults active! Set 'spring.devtools.add-properties' to 'false' to disable
2024-04-23 20:23:49.564  INFO 18276 --- [restartedMain] .e.DevToolsPropertyDefaultsPostProcessor : For additional web related logging consider setting the 'logging.level.web' property to 'DEBUG'
2024-04-23 20:23:50.562  INFO 18276 --- [restartedMain] .s.d.r.c.RepositoryConfigurationDelegate : Multiple Spring Data modules found, entering strict repository configuration mode
2024-04-23 20:23:50.564  INFO 18276 --- [restartedMain] .s.d.r.c.RepositoryConfigurationDelegate : Bootstrapping Spring Data JPA repositories in DEFAULT mode.
2024-04-23 20:23:50.768  INFO 18276 --- [restartedMain] .s.d.r.c.RepositoryConfigurationDelegate : Finished Spring Data repository scanning in 199 ms. Found 1 JPA repository interfaces.
2024-04-23 20:23:50.776  INFO 18276 --- [restartedMain] .s.d.r.c.RepositoryConfigurationDelegate : Multiple Spring Data modules found, entering strict repository configuration mode
2024-04-23 20:23:50.777  INFO 18276 --- [restartedMain] .s.d.r.c.RepositoryConfigurationDelegate : Bootstrapping Spring Data Redis repositories in DEFAULT mode.
2024-04-23 20:23:50.798  INFO 18276 --- [restartedMain] .RepositoryConfigurationExtensionSupport : Spring Data Redis - Could not safely identify store assignment for repository candidate interface cn.zwz.data.dao.LogDao; If you want this repository to be a Redis repository, consider annotating your entities with one of these annotations: org.springframework.data.redis.core.RedisHash (preferred), or consider extending one of the following types with your repository: org.springframework.data.keyvalue.repository.KeyValueRepository
2024-04-23 20:23:50.800  INFO 18276 --- [restartedMain] .s.d.r.c.RepositoryConfigurationDelegate : Finished Spring Data repository scanning in 14 ms. Found 0 Redis repository interfaces.
2024-04-23 20:23:50.907  WARN 18276 --- [restartedMain] o.m.s.mapper.ClassPathMapperScanner      : Skipping MapperFactoryBean with name 'majorMapper' and 'cn.zwz.topic.mapper.MajorMapper' mapperInterface. Bean already defined with the same name!
2024-04-23 20:23:50.907  WARN 18276 --- [restartedMain] o.m.s.mapper.ClassPathMapperScanner      : Skipping MapperFactoryBean with name 'topicMapper' and 'cn.zwz.topic.mapper.TopicMapper' mapperInterface. Bean already defined with the same name!
2024-04-23 20:23:50.912  INFO 18276 --- [restartedMain] faultConfiguringBeanFactoryPostProcessor : No bean named 'errorChannel' has been explicitly defined. Therefore, a default PublishSubscribeChannel will be created.
2024-04-23 20:23:50.922  INFO 18276 --- [restartedMain] faultConfiguringBeanFactoryPostProcessor : No bean named 'integrationHeaderChannelRegistry' has been explicitly defined. Therefore, a default DefaultHeaderChannelRegistry will be created.
2024-04-23 20:23:51.253  INFO 18276 --- [restartedMain] trationDelegate$BeanPostProcessorChecker : Bean 'redisExceptionThrowsConfig' of type [cn.zwz.basics.redis.RedisExceptionThrowsConfig$$EnhancerBySpringCGLIB$$d8815cc5] is not eligible for getting processed by all BeanPostProcessors (for example: not eligible for auto-proxying)
2024-04-23 20:23:51.291  INFO 18276 --- [restartedMain] trationDelegate$BeanPostProcessorChecker : Bean 'org.springframework.integration.config.IntegrationManagementConfiguration' of type [org.springframework.integration.config.IntegrationManagementConfiguration] is not eligible for getting processed by all BeanPostProcessors (for example: not eligible for auto-proxying)
2024-04-23 20:23:51.301  INFO 18276 --- [restartedMain] trationDelegate$BeanPostProcessorChecker : Bean 'integrationChannelResolver' of type [org.springframework.integration.support.channel.BeanFactoryChannelResolver] is not eligible for getting processed by all BeanPostProcessors (for example: not eligible for auto-proxying)
2024-04-23 20:23:51.561  INFO 18276 --- [restartedMain] o.s.b.w.embedded.tomcat.TomcatWebServer  : Tomcat initialized with port(s): 8081 (http)
2024-04-23 20:23:51.568  INFO 18276 --- [restartedMain] o.apache.catalina.core.StandardService   : Starting service [Tomcat]
2024-04-23 20:23:51.568  INFO 18276 --- [restartedMain] org.apache.catalina.core.StandardEngine  : Starting Servlet engine: [Apache Tomcat/9.0.69]
2024-04-23 20:23:51.625  INFO 18276 --- [restartedMain] o.a.c.c.C.[Tomcat].[localhost].[/]       : Initializing Spring embedded WebApplicationContext
2024-04-23 20:23:51.625  INFO 18276 --- [restartedMain] w.s.c.ServletWebServerApplicationContext : Root WebApplicationContext: initialization completed in 2061 ms
2024-04-23 20:23:51.691  INFO 18276 --- [restartedMain] c.a.d.s.b.a.DruidDataSourceAutoConfigure : Init DruidDataSource
2024-04-23 20:23:51.786  INFO 18276 --- [restartedMain] com.alibaba.druid.pool.DruidDataSource   : {dataSource-1} inited
2024-04-23 20:23:52.099  INFO 18276 --- [restartedMain] org.redisson.Version                     : Redisson 3.18.0
2024-04-23 20:23:52.292  INFO 18276 --- [redisson-netty-2-5] o.r.c.pool.MasterPubSubConnectionPool    : 1 connections initialized for 127.0.0.1/127.0.0.1:6379
2024-04-23 20:23:52.329  INFO 18276 --- [redisson-netty-2-19] o.r.c.pool.MasterConnectionPool          : 24 connections initialized for 127.0.0.1/127.0.0.1:6379
2024-04-23 20:23:52.661  INFO 18276 --- [restartedMain] c.z.basics.baseClass.BeansConfiguration  : 初始化PathMatcher成功
2024-04-23 20:23:52.664  WARN 18276 --- [restartedMain] c.z.b.s.p.MyFilterSecurityInterceptor    : Could not validate configuration attributes as the SecurityMetadataSource did not return any attributes from getAllConfigAttributes()
2024-04-23 20:23:52.800  INFO 18276 --- [restartedMain] o.hibernate.jpa.internal.util.LogHelper  : HHH000204: Processing PersistenceUnitInfo [name: default]
2024-04-23 20:23:52.840  INFO 18276 --- [restartedMain] org.hibernate.Version                    : HHH000412: Hibernate ORM core version 5.6.14.Final
2024-04-23 20:23:52.967  INFO 18276 --- [restartedMain] o.hibernate.annotations.common.Version   : HCANN000001: Hibernate Commons Annotations {5.1.2.Final}
2024-04-23 20:23:53.172  INFO 18276 --- [restartedMain] org.hibernate.dialect.Dialect            : HHH000400: Using dialect: org.hibernate.dialect.MySQL8Dialect
2024-04-23 20:23:53.747  INFO 18276 --- [restartedMain] o.h.e.t.j.p.i.JtaPlatformInitiator       : HHH000490: Using JtaPlatform implementation: [org.hibernate.engine.transaction.jta.platform.internal.NoJtaPlatform]
2024-04-23 20:23:53.753  INFO 18276 --- [restartedMain] j.LocalContainerEntityManagerFactoryBean : Initialized JPA EntityManagerFactory for persistence unit 'default'
2024-04-23 20:23:54.061  WARN 18276 --- [restartedMain] JpaBaseConfiguration$JpaWebConfiguration : spring.jpa.open-in-view is enabled by default. Therefore, database queries may be performed during view rendering. Explicitly configure spring.jpa.open-in-view to disable this warning
2024-04-23 20:23:54.605  INFO 18276 --- [restartedMain] c.z.basics.baseClass.BeansConfiguration  : 初始化线程池成功
2024-04-23 20:23:54.798  INFO 18276 --- [restartedMain] c.z.basics.redis.InterceptConfiguration  : 拦截器加载成功
2024-04-23 20:23:55.294  WARN 18276 --- [restartedMain] o.s.s.c.a.web.builders.WebSecurity       : You are asking Spring Security to ignore Ant [pattern='/imserver/**']. This is not recommended -- please use permitAll via HttpSecurity#authorizeHttpRequests instead.
2024-04-23 20:23:55.295  INFO 18276 --- [restartedMain] o.s.s.web.DefaultSecurityFilterChain     : Will not secure Ant [pattern='/imserver/**']
2024-04-23 20:23:55.295  WARN 18276 --- [restartedMain] o.s.s.c.a.web.builders.WebSecurity       : You are asking Spring Security to ignore Ant [pattern='/imserverSingle/**']. This is not recommended -- please use permitAll via HttpSecurity#authorizeHttpRequests instead.
2024-04-23 20:23:55.295  INFO 18276 --- [restartedMain] o.s.s.web.DefaultSecurityFilterChain     : Will not secure Ant [pattern='/imserverSingle/**']
2024-04-23 20:23:55.295  WARN 18276 --- [restartedMain] o.s.s.c.a.web.builders.WebSecurity       : You are asking Spring Security to ignore Ant [pattern='/files/**']. This is not recommended -- please use permitAll via HttpSecurity#authorizeHttpRequests instead.
2024-04-23 20:23:55.295  INFO 18276 --- [restartedMain] o.s.s.web.DefaultSecurityFilterChain     : Will not secure Ant [pattern='/files/**']
2024-04-23 20:23:55.333  INFO 18276 --- [restartedMain] o.s.s.web.DefaultSecurityFilterChain     : Will secure any request with [org.springframework.security.web.session.DisableEncodeUrlFilter@581606a2, org.springframework.security.web.context.request.async.WebAsyncManagerIntegrationFilter@518d216a, org.springframework.security.web.context.SecurityContextPersistenceFilter@6d646dbc, org.springframework.security.web.header.HeaderWriterFilter@447c290, org.springframework.web.filter.CorsFilter@7440f12b, org.springframework.security.web.authentication.logout.LogoutFilter@3e24c320, cn.zwz.basics.security.validate.ImageValidateFilter$$EnhancerBySpringCGLIB$$f6339924@6af8eb56, org.springframework.security.web.authentication.UsernamePasswordAuthenticationFilter@17d7a4fa, cn.zwz.basics.security.jwt.JwtRoleFilter@7b57bfd5, org.springframework.security.web.savedrequest.RequestCacheAwareFilter@562d199d, org.springframework.security.web.servletapi.SecurityContextHolderAwareRequestFilter@71ab5cfe, org.springframework.security.web.authentication.AnonymousAuthenticationFilter@fe27c57, org.springframework.security.web.session.SessionManagementFilter@7e2bb942, org.springframework.security.web.access.ExceptionTranslationFilter@22b396fa, cn.zwz.basics.security.permission.MyFilterSecurityInterceptor@626e8fec, org.springframework.security.web.access.intercept.FilterSecurityInterceptor@5e18e64]
2024-04-23 20:23:55.371  INFO 18276 --- [restartedMain] o.s.b.d.a.OptionalLiveReloadServer       : LiveReload server is running on port 35729
2024-04-23 20:23:55.376  INFO 18276 --- [restartedMain] o.s.b.a.e.web.EndpointLinksResolver      : Exposing 1 endpoint(s) beneath base path '/actuator'
2024-04-23 20:23:55.549  INFO 18276 --- [restartedMain] o.s.i.endpoint.EventDrivenConsumer       : Adding {logging-channel-adapter:_org.springframework.integration.errorLogger} as a subscriber to the 'errorChannel' channel
2024-04-23 20:23:55.550  INFO 18276 --- [restartedMain] o.s.i.channel.PublishSubscribeChannel    : Channel 'application.errorChannel' has 1 subscriber(s).
2024-04-23 20:23:55.550  INFO 18276 --- [restartedMain] o.s.i.endpoint.EventDrivenConsumer       : started bean '_org.springframework.integration.errorLogger'
2024-04-23 20:23:55.560  INFO 18276 --- [restartedMain] o.s.b.w.embedded.tomcat.TomcatWebServer  : Tomcat started on port(s): 8081 (http) with context path ''
2024-04-23 20:23:55.586  INFO 18276 --- [restartedMain] cn.zwz.Application                       : Started Application in 6.379 seconds (JVM running for 7.041)
2024-04-23 20:23:56.070  INFO 18276 --- [RMI TCP Connection(1)-192.168.135.1] o.a.c.c.C.[Tomcat].[localhost].[/]       : Initializing Spring DispatcherServlet 'dispatcherServlet'
2024-04-23 20:23:56.070  INFO 18276 --- [RMI TCP Connection(1)-192.168.135.1] o.s.web.servlet.DispatcherServlet        : Initializing Servlet 'dispatcherServlet'
2024-04-23 20:23:56.072  INFO 18276 --- [RMI TCP Connection(1)-192.168.135.1] o.s.web.servlet.DispatcherServlet        : Completed initialization in 2 ms
2024-04-23 20:24:18.186  INFO 18276 --- [http-nio-8081-exec-1] c.z.chat.config.RateLimiterInterceptor   : 阻塞中……
2024-04-23 20:24:18.748  INFO 18276 --- [http-nio-8081-exec-2] c.z.chat.config.RateLimiterInterceptor   : 阻塞中……
2024-04-23 20:24:18.764  INFO 18276 --- [http-nio-8081-exec-3] c.z.chat.config.RateLimiterInterceptor   : 阻塞中……
2024-04-23 20:24:19.073  INFO 18276 --- [http-nio-8081-exec-4] c.z.chat.config.RateLimiterInterceptor   : 阻塞中……
2024-04-23 20:24:35.680  INFO 18276 --- [http-nio-8081-exec-14] c.z.chat.config.RateLimiterInterceptor   : 阻塞中……
2024-04-23 20:24:36.473  WARN 18276 --- [http-nio-8081-exec-14] cn.zwz.basics.utils.IpInfoUtil           : 区县查询失败
2024-04-23 20:24:36.473  WARN 18276 --- [http-nio-8081-exec-5] cn.zwz.basics.utils.IpInfoUtil           : 区县查询失败
2024-04-23 20:24:36.838  INFO 18276 --- [http-nio-8081-exec-6] c.z.chat.config.RateLimiterInterceptor   : 阻塞中……
2024-04-23 20:24:36.870  INFO 18276 --- [http-nio-8081-exec-7] c.z.chat.config.RateLimiterInterceptor   : 阻塞中……
2024-04-23 20:24:36.928  WARN 18276 --- [http-nio-8081-exec-6] cn.zwz.basics.utils.IpInfoUtil           : 区县查询失败
2024-04-23 20:24:36.952  INFO 18276 --- [http-nio-8081-exec-9] c.z.chat.config.RateLimiterInterceptor   : 阻塞中……
2024-04-23 20:24:37.105  INFO 18276 --- [http-nio-8081-exec-8] c.z.chat.config.RateLimiterInterceptor   : 阻塞中……
2024-04-23 20:24:37.170  INFO 18276 --- [http-nio-8081-exec-11] c.z.chat.config.RateLimiterInterceptor   : 阻塞中……
2024-04-23 20:24:37.226  WARN 18276 --- [http-nio-8081-exec-11] cn.zwz.basics.utils.IpInfoUtil           : 区县查询失败
2024-04-23 20:24:37.274  WARN 18276 --- [http-nio-8081-exec-8] cn.zwz.basics.utils.IpInfoUtil           : 区县查询失败
2024-04-23 20:24:39.683  INFO 18276 --- [http-nio-8081-exec-10] c.z.chat.config.RateLimiterInterceptor   : 阻塞中……
2024-04-23 20:24:41.438  INFO 18276 --- [http-nio-8081-exec-13] c.z.chat.config.RateLimiterInterceptor   : 阻塞中……
2024-04-23 20:24:41.486  INFO 18276 --- [http-nio-8081-exec-12] c.zwz.chat.config.WebSocketSingleServer  : [onOpen] 新建连接，session=0, 当前在线人数为：1
2024-04-23 20:24:41.746  INFO 18276 --- [http-nio-8081-exec-16] c.z.chat.config.RateLimiterInterceptor   : 阻塞中……
2024-04-23 20:24:41.758  INFO 18276 --- [http-nio-8081-exec-17] c.z.chat.config.RateLimiterInterceptor   : 阻塞中……
2024-04-23 20:24:41.853  WARN 18276 --- [http-nio-8081-exec-17] cn.zwz.basics.utils.IpInfoUtil           : 区县查询失败
2024-04-23 20:24:41.874  INFO 18276 --- [http-nio-8081-exec-19] c.z.chat.config.RateLimiterInterceptor   : 阻塞中……
2024-04-23 20:24:41.881  INFO 18276 --- [http-nio-8081-exec-20] c.z.chat.config.RateLimiterInterceptor   : 阻塞中……
2024-04-23 20:24:41.881  INFO 18276 --- [http-nio-8081-exec-18] c.z.chat.config.RateLimiterInterceptor   : 阻塞中……
2024-04-23 20:24:42.010  WARN 18276 --- [http-nio-8081-exec-19] cn.zwz.basics.utils.IpInfoUtil           : 区县查询失败
2024-04-23 20:24:42.031  INFO 18276 --- [http-nio-8081-exec-24] c.z.chat.config.RateLimiterInterceptor   : 阻塞中……
2024-04-23 20:24:42.041  INFO 18276 --- [http-nio-8081-exec-23] c.z.chat.config.RateLimiterInterceptor   : 阻塞中……
2024-04-23 20:24:43.364  INFO 18276 --- [http-nio-8081-exec-27] c.z.chat.config.RateLimiterInterceptor   : 阻塞中……
2024-04-23 20:24:43.371  INFO 18276 --- [http-nio-8081-exec-25] c.zwz.chat.config.WebSocketSingleServer  : [onClose] 有一连接关闭，session=0, 当前在线人数为：0
2024-04-23 20:24:43.379  INFO 18276 --- [http-nio-8081-exec-26] cn.zwz.chat.config.WebSocketServer       : userMap: {1={name=刘斌, avatar=http://127.0.0.1:8080/zwz/file/view/1780895090408034304}}
2024-04-23 20:24:43.380  INFO 18276 --- [http-nio-8081-exec-26] cn.zwz.chat.config.WebSocketServer       : [onOpen] 有新用户加入，session=1, 当前在线人数为：1
2024-04-23 20:24:43.385  INFO 18276 --- [http-nio-8081-exec-29] c.z.chat.config.RateLimiterInterceptor   : 阻塞中……
2024-04-23 20:24:43.385  INFO 18276 --- [http-nio-8081-exec-28] c.z.chat.config.RateLimiterInterceptor   : 阻塞中……
2024-04-23 20:24:43.413  INFO 18276 --- [http-nio-8081-exec-30] c.zwz.chat.config.WebSocketSingleServer  : [onOpen] 新建连接，session=2, 当前在线人数为：1
2024-04-23 20:24:43.421  INFO 18276 --- [http-nio-8081-exec-26] cn.zwz.chat.config.WebSocketServer       : 服务端给客户端[1]发送消息{"users":[{"name":"刘斌","avatar":"http://127.0.0.1:8080/zwz/file/view/1780895090408034304"}]}
2024-04-23 20:24:43.421  INFO 18276 --- [http-nio-8081-exec-26] cn.zwz.chat.config.WebSocketServer       : [onClose] 有一连接关闭，session=1, 当前在线人数为：0
2024-04-23 20:24:43.593  INFO 18276 --- [http-nio-8081-exec-15] c.z.chat.config.RateLimiterInterceptor   : 阻塞中……
2024-04-23 20:24:43.716  INFO 18276 --- [http-nio-8081-exec-22] c.z.chat.config.RateLimiterInterceptor   : 阻塞中……
2024-04-23 20:24:43.837  INFO 18276 --- [http-nio-8081-exec-21] c.z.chat.config.RateLimiterInterceptor   : 阻塞中……
2024-04-23 20:24:43.886  WARN 18276 --- [http-nio-8081-exec-22] cn.zwz.basics.utils.IpInfoUtil           : 区县查询失败
2024-04-23 20:24:43.982  INFO 18276 --- [http-nio-8081-exec-1] c.z.chat.config.RateLimiterInterceptor   : 阻塞中……
2024-04-23 20:24:43.990  INFO 18276 --- [http-nio-8081-exec-2] c.z.chat.config.RateLimiterInterceptor   : 阻塞中……
2024-04-23 20:24:44.006  INFO 18276 --- [http-nio-8081-exec-3] c.z.chat.config.RateLimiterInterceptor   : 阻塞中……
2024-04-23 20:24:44.167  WARN 18276 --- [http-nio-8081-exec-1] cn.zwz.basics.utils.IpInfoUtil           : 区县查询失败
2024-04-23 20:24:44.191  INFO 18276 --- [http-nio-8081-exec-4] c.z.chat.config.RateLimiterInterceptor   : 阻塞中……
2024-04-23 20:24:44.191  INFO 18276 --- [http-nio-8081-exec-5] c.z.chat.config.RateLimiterInterceptor   : 阻塞中……
2024-04-23 20:24:44.829  INFO 18276 --- [http-nio-8081-exec-14] c.zwz.chat.config.WebSocketSingleServer  : [onClose] 有一连接关闭，session=2, 当前在线人数为：0
2024-04-23 20:24:44.837  INFO 18276 --- [http-nio-8081-exec-7] cn.zwz.chat.config.WebSocketServer       : userMap: {3={name=刘斌, avatar=http://127.0.0.1:8080/zwz/file/view/1780895090408034304}}
2024-04-23 20:24:44.837  INFO 18276 --- [http-nio-8081-exec-7] cn.zwz.chat.config.WebSocketServer       : [onOpen] 有新用户加入，session=3, 当前在线人数为：1
2024-04-23 20:24:44.837  INFO 18276 --- [http-nio-8081-exec-7] cn.zwz.chat.config.WebSocketServer       : 服务端给客户端[3]发送消息{"users":[{"name":"刘斌","avatar":"http://127.0.0.1:8080/zwz/file/view/1780895090408034304"}]}
2024-04-23 20:24:44.845  INFO 18276 --- [http-nio-8081-exec-9] c.z.chat.config.RateLimiterInterceptor   : 阻塞中……
2024-04-23 20:24:44.845  INFO 18276 --- [http-nio-8081-exec-6] c.z.chat.config.RateLimiterInterceptor   : 阻塞中……
2024-04-23 20:24:44.869  INFO 18276 --- [http-nio-8081-exec-8] c.z.chat.config.RateLimiterInterceptor   : 阻塞中……
2024-04-23 20:24:44.869  INFO 18276 --- [http-nio-8081-exec-11] c.z.chat.config.RateLimiterInterceptor   : 阻塞中……
2024-04-23 20:24:45.105  INFO 18276 --- [http-nio-8081-exec-10] cn.zwz.chat.config.WebSocketServer       : [onClose] 有一连接关闭，session=3, 当前在线人数为：0
2024-04-23 20:24:45.113  INFO 18276 --- [http-nio-8081-exec-13] c.zwz.chat.config.WebSocketSingleServer  : [onOpen] 新建连接，session=4, 当前在线人数为：1
2024-04-23 20:24:45.433  INFO 18276 --- [http-nio-8081-exec-12] c.z.chat.config.RateLimiterInterceptor   : 阻塞中……
2024-04-23 20:24:45.433  INFO 18276 --- [http-nio-8081-exec-16] c.z.chat.config.RateLimiterInterceptor   : 阻塞中……
2024-04-23 20:24:45.495  WARN 18276 --- [http-nio-8081-exec-12] cn.zwz.basics.utils.IpInfoUtil           : 区县查询失败
2024-04-23 20:24:45.503  INFO 18276 --- [http-nio-8081-exec-17] c.z.chat.config.RateLimiterInterceptor   : 阻塞中……
2024-04-23 20:24:45.503  INFO 18276 --- [http-nio-8081-exec-20] c.z.chat.config.RateLimiterInterceptor   : 阻塞中……
2024-04-23 20:24:45.688  INFO 18276 --- [http-nio-8081-exec-18] c.z.chat.config.RateLimiterInterceptor   : 阻塞中……
2024-04-23 20:24:45.745  INFO 18276 --- [http-nio-8081-exec-19] c.z.chat.config.RateLimiterInterceptor   : 阻塞中……
2024-04-23 20:24:45.859  WARN 18276 --- [http-nio-8081-exec-19] cn.zwz.basics.utils.IpInfoUtil           : 区县查询失败
2024-04-23 20:24:45.875  INFO 18276 --- [http-nio-8081-exec-23] c.z.chat.config.RateLimiterInterceptor   : 阻塞中……
2024-04-23 20:24:45.875  INFO 18276 --- [http-nio-8081-exec-24] c.z.chat.config.RateLimiterInterceptor   : 阻塞中……
2024-04-23 20:24:50.829  INFO 18276 --- [http-nio-8081-exec-25] c.zwz.chat.config.WebSocketSingleServer  : [onClose] 有一连接关闭，session=4, 当前在线人数为：0
2024-04-23 20:24:50.837  INFO 18276 --- [http-nio-8081-exec-27] cn.zwz.chat.config.WebSocketServer       : userMap: {5={name=刘斌, avatar=http://127.0.0.1:8080/zwz/file/view/1780895090408034304}}
2024-04-23 20:24:50.837  INFO 18276 --- [http-nio-8081-exec-27] cn.zwz.chat.config.WebSocketServer       : [onOpen] 有新用户加入，session=5, 当前在线人数为：1
2024-04-23 20:24:50.837  INFO 18276 --- [http-nio-8081-exec-27] cn.zwz.chat.config.WebSocketServer       : 服务端给客户端[5]发送消息{"users":[{"name":"刘斌","avatar":"http://127.0.0.1:8080/zwz/file/view/1780895090408034304"}]}
2024-04-23 20:24:50.853  INFO 18276 --- [http-nio-8081-exec-28] c.z.chat.config.RateLimiterInterceptor   : 阻塞中……
2024-04-23 20:24:50.853  INFO 18276 --- [http-nio-8081-exec-29] c.z.chat.config.RateLimiterInterceptor   : 阻塞中……
2024-04-23 20:24:50.876  INFO 18276 --- [http-nio-8081-exec-26] c.z.chat.config.RateLimiterInterceptor   : 阻塞中……
2024-04-23 20:24:50.876  INFO 18276 --- [http-nio-8081-exec-30] c.z.chat.config.RateLimiterInterceptor   : 阻塞中……
2024-04-23 20:24:51.086  INFO 18276 --- [http-nio-8081-exec-15] cn.zwz.chat.config.WebSocketServer       : [onClose] 有一连接关闭，session=5, 当前在线人数为：0
2024-04-23 20:24:51.094  INFO 18276 --- [http-nio-8081-exec-21] c.zwz.chat.config.WebSocketSingleServer  : [onOpen] 新建连接，session=6, 当前在线人数为：1
2024-04-23 20:24:51.409  INFO 18276 --- [http-nio-8081-exec-22] c.z.chat.config.RateLimiterInterceptor   : 阻塞中……
2024-04-23 20:24:51.417  INFO 18276 --- [http-nio-8081-exec-2] c.z.chat.config.RateLimiterInterceptor   : 阻塞中……
2024-04-23 20:24:51.626  WARN 18276 --- [http-nio-8081-exec-2] cn.zwz.basics.utils.IpInfoUtil           : 区县查询失败
2024-04-23 20:24:51.643  INFO 18276 --- [http-nio-8081-exec-3] c.z.chat.config.RateLimiterInterceptor   : 阻塞中……
2024-04-23 20:24:51.654  INFO 18276 --- [http-nio-8081-exec-1] c.z.chat.config.RateLimiterInterceptor   : 阻塞中……
2024-04-23 20:24:51.683  INFO 18276 --- [http-nio-8081-exec-4] c.z.chat.config.RateLimiterInterceptor   : 阻塞中……
2024-04-23 20:24:51.779  INFO 18276 --- [http-nio-8081-exec-5] c.z.chat.config.RateLimiterInterceptor   : 阻塞中……
2024-04-23 20:24:51.863  WARN 18276 --- [http-nio-8081-exec-5] cn.zwz.basics.utils.IpInfoUtil           : 区县查询失败
2024-04-23 20:24:51.878  INFO 18276 --- [http-nio-8081-exec-14] c.z.chat.config.RateLimiterInterceptor   : 阻塞中……
2024-04-23 20:24:51.878  INFO 18276 --- [http-nio-8081-exec-7] c.z.chat.config.RateLimiterInterceptor   : 阻塞中……
2024-04-23 20:26:13.072  INFO 18276 --- [http-nio-8081-exec-9] c.zwz.chat.config.WebSocketSingleServer  : [onClose] 有一连接关闭，session=6, 当前在线人数为：0
2024-04-23 20:27:06.709  INFO 18276 --- [http-nio-8081-exec-6] c.z.chat.config.RateLimiterInterceptor   : 阻塞中……
2024-04-23 20:27:06.745  INFO 18276 --- [http-nio-8081-exec-8] c.z.chat.config.RateLimiterInterceptor   : 阻塞中……
2024-04-23 20:28:56.385  INFO 18276 --- [http-nio-8081-exec-11] c.z.chat.config.RateLimiterInterceptor   : 阻塞中……
2024-04-23 20:28:56.441  INFO 18276 --- [http-nio-8081-exec-10] c.z.chat.config.RateLimiterInterceptor   : 阻塞中……
2024-04-23 20:28:56.730  INFO 18276 --- [http-nio-8081-exec-13] c.z.chat.config.RateLimiterInterceptor   : 阻塞中……
2024-04-23 20:28:56.819  INFO 18276 --- [http-nio-8081-exec-16] c.z.chat.config.RateLimiterInterceptor   : 阻塞中……
2024-04-23 20:28:56.835  INFO 18276 --- [http-nio-8081-exec-16] c.z.chat.config.RateLimiterInterceptor   : 阻塞中……
2024-04-23 20:28:56.850  INFO 18276 --- [http-nio-8081-exec-12] c.z.chat.config.RateLimiterInterceptor   : 阻塞中……
2024-04-23 20:28:57.079  INFO 18276 --- [http-nio-8081-exec-17] c.z.chat.config.RateLimiterInterceptor   : 阻塞中……
2024-04-23 20:29:14.488  INFO 18276 --- [http-nio-8081-exec-19] c.z.chat.config.RateLimiterInterceptor   : 阻塞中……
2024-04-23 20:29:14.488  INFO 18276 --- [http-nio-8081-exec-18] c.z.chat.config.RateLimiterInterceptor   : 阻塞中……
2024-04-23 20:29:14.490  INFO 18276 --- [http-nio-8081-exec-23] c.z.chat.config.RateLimiterInterceptor   : 阻塞中……
2024-04-23 20:29:14.506  INFO 18276 --- [http-nio-8081-exec-24] c.z.chat.config.RateLimiterInterceptor   : 阻塞中……
2024-04-23 20:29:14.657  INFO 18276 --- [http-nio-8081-exec-25] c.z.chat.config.RateLimiterInterceptor   : 阻塞中……
2024-04-23 20:29:14.917  INFO 18276 --- [http-nio-8081-exec-28] c.z.chat.config.RateLimiterInterceptor   : 阻塞中……
2024-04-23 20:29:14.917  INFO 18276 --- [http-nio-8081-exec-27] c.z.chat.config.RateLimiterInterceptor   : 阻塞中……
2024-04-23 20:29:33.534  INFO 18276 --- [http-nio-8081-exec-29] c.z.chat.config.RateLimiterInterceptor   : 阻塞中……
2024-04-23 20:29:33.565  INFO 18276 --- [http-nio-8081-exec-26] c.z.chat.config.RateLimiterInterceptor   : 阻塞中……
2024-04-23 20:30:03.826  INFO 18276 --- [http-nio-8081-exec-30] c.z.chat.config.RateLimiterInterceptor   : 阻塞中……
2024-04-23 20:30:03.871  INFO 18276 --- [http-nio-8081-exec-15] c.z.chat.config.RateLimiterInterceptor   : 阻塞中……
2024-04-23 20:30:33.164  INFO 18276 --- [http-nio-8081-exec-21] c.z.chat.config.RateLimiterInterceptor   : 阻塞中……
2024-04-23 20:30:33.515  INFO 18276 --- [http-nio-8081-exec-22] c.z.chat.config.RateLimiterInterceptor   : 阻塞中……
2024-04-23 20:30:33.676  INFO 18276 --- [http-nio-8081-exec-2] c.z.chat.config.RateLimiterInterceptor   : 阻塞中……
2024-04-23 20:30:42.402  INFO 18276 --- [http-nio-8081-exec-3] c.z.chat.config.RateLimiterInterceptor   : 阻塞中……
2024-04-23 20:30:53.371  INFO 18276 --- [http-nio-8081-exec-4] c.z.chat.config.RateLimiterInterceptor   : 阻塞中……
2024-04-23 20:30:53.400  INFO 18276 --- [http-nio-8081-exec-5] c.z.chat.config.RateLimiterInterceptor   : 阻塞中……
2024-04-23 20:31:00.016  INFO 18276 --- [http-nio-8081-exec-14] c.z.chat.config.RateLimiterInterceptor   : 阻塞中……
2024-04-23 20:31:00.291  INFO 18276 --- [http-nio-8081-exec-9] c.z.chat.config.RateLimiterInterceptor   : 阻塞中……
2024-04-23 20:31:00.373  INFO 18276 --- [http-nio-8081-exec-6] c.z.chat.config.RateLimiterInterceptor   : 阻塞中……
2024-04-23 20:31:00.389  INFO 18276 --- [http-nio-8081-exec-11] c.z.chat.config.RateLimiterInterceptor   : 阻塞中……
2024-04-23 20:31:00.389  INFO 18276 --- [http-nio-8081-exec-8] c.z.chat.config.RateLimiterInterceptor   : 阻塞中……
2024-04-23 20:31:04.608  INFO 18276 --- [http-nio-8081-exec-10] cn.zwz.chat.config.WebSocketServer       : userMap: {7={name=系统管理员, avatar=http://127.0.0.1:8080/zwz/file/view/1779879119278968832}}
2024-04-23 20:31:04.608  INFO 18276 --- [http-nio-8081-exec-10] cn.zwz.chat.config.WebSocketServer       : [onOpen] 有新用户加入，session=7, 当前在线人数为：1
2024-04-23 20:31:04.608  INFO 18276 --- [http-nio-8081-exec-10] cn.zwz.chat.config.WebSocketServer       : 服务端给客户端[7]发送消息{"users":[{"name":"系统管理员","avatar":"http://127.0.0.1:8080/zwz/file/view/1779879119278968832"}]}
2024-04-23 20:31:04.616  INFO 18276 --- [http-nio-8081-exec-16] c.z.chat.config.RateLimiterInterceptor   : 阻塞中……
2024-04-23 20:31:04.624  INFO 18276 --- [http-nio-8081-exec-20] c.z.chat.config.RateLimiterInterceptor   : 阻塞中……
2024-04-23 20:31:04.648  INFO 18276 --- [http-nio-8081-exec-13] c.z.chat.config.RateLimiterInterceptor   : 阻塞中……
2024-04-23 20:31:11.820  INFO 18276 --- [http-nio-8081-exec-12] c.z.chat.config.RateLimiterInterceptor   : 阻塞中……
2024-04-23 20:31:16.311  INFO 18276 --- [http-nio-8081-exec-17] cn.zwz.chat.config.WebSocketServer       : [onClose] 有一连接关闭，session=7, 当前在线人数为：0
2024-04-23 20:31:16.318  INFO 18276 --- [http-nio-8081-exec-23] c.zwz.chat.config.WebSocketSingleServer  : [onOpen] 新建连接，session=8, 当前在线人数为：1
2024-04-23 20:31:16.334  INFO 18276 --- [http-nio-8081-exec-18] c.z.chat.config.RateLimiterInterceptor   : 阻塞中……
2024-04-23 20:31:16.635  INFO 18276 --- [http-nio-8081-exec-19] c.z.chat.config.RateLimiterInterceptor   : 阻塞中……
2024-04-23 20:31:16.663  INFO 18276 --- [http-nio-8081-exec-24] c.z.chat.config.RateLimiterInterceptor   : 阻塞中……
2024-04-23 20:31:16.751  INFO 18276 --- [http-nio-8081-exec-25] c.z.chat.config.RateLimiterInterceptor   : 阻塞中……
2024-04-23 20:31:16.751  INFO 18276 --- [http-nio-8081-exec-27] c.z.chat.config.RateLimiterInterceptor   : 阻塞中……
2024-04-23 20:31:17.059  INFO 18276 --- [http-nio-8081-exec-28] c.z.chat.config.RateLimiterInterceptor   : 阻塞中……
2024-04-23 20:31:17.123  INFO 18276 --- [http-nio-8081-exec-29] c.z.chat.config.RateLimiterInterceptor   : 阻塞中……
2024-04-23 20:31:17.123  INFO 18276 --- [http-nio-8081-exec-26] c.z.chat.config.RateLimiterInterceptor   : 阻塞中……
2024-04-23 20:31:24.813  INFO 18276 --- [http-nio-8081-exec-30] c.zwz.chat.config.WebSocketSingleServer  : [onClose] 有一连接关闭，session=8, 当前在线人数为：0
2024-04-23 20:31:24.821  INFO 18276 --- [http-nio-8081-exec-15] cn.zwz.chat.config.WebSocketServer       : userMap: {9={name=系统管理员, avatar=http://127.0.0.1:8080/zwz/file/view/1779879119278968832}}
2024-04-23 20:31:24.829  INFO 18276 --- [http-nio-8081-exec-15] cn.zwz.chat.config.WebSocketServer       : [onOpen] 有新用户加入，session=9, 当前在线人数为：1
2024-04-23 20:31:24.829  INFO 18276 --- [http-nio-8081-exec-15] cn.zwz.chat.config.WebSocketServer       : 服务端给客户端[9]发送消息{"users":[{"name":"系统管理员","avatar":"http://127.0.0.1:8080/zwz/file/view/1779879119278968832"}]}
2024-04-23 20:31:24.837  INFO 18276 --- [http-nio-8081-exec-21] c.z.chat.config.RateLimiterInterceptor   : 阻塞中……
2024-04-23 20:31:24.861  INFO 18276 --- [http-nio-8081-exec-22] c.z.chat.config.RateLimiterInterceptor   : 阻塞中……
2024-04-23 20:31:24.893  INFO 18276 --- [http-nio-8081-exec-2] c.z.chat.config.RateLimiterInterceptor   : 阻塞中……
2024-04-23 20:31:25.483  INFO 18276 --- [http-nio-8081-exec-3] cn.zwz.chat.config.WebSocketServer       : [onClose] 有一连接关闭，session=9, 当前在线人数为：0
2024-04-23 20:31:25.495  INFO 18276 --- [http-nio-8081-exec-1] c.zwz.chat.config.WebSocketSingleServer  : [onOpen] 新建连接，session=a, 当前在线人数为：1
2024-04-23 20:31:25.804  INFO 18276 --- [http-nio-8081-exec-5] c.z.chat.config.RateLimiterInterceptor   : 阻塞中……
2024-04-23 20:31:25.804  INFO 18276 --- [http-nio-8081-exec-4] c.z.chat.config.RateLimiterInterceptor   : 阻塞中……
2024-04-23 20:31:25.901  INFO 18276 --- [http-nio-8081-exec-7] c.z.chat.config.RateLimiterInterceptor   : 阻塞中……
2024-04-23 20:31:25.901  INFO 18276 --- [http-nio-8081-exec-14] c.z.chat.config.RateLimiterInterceptor   : 阻塞中……
2024-04-23 20:31:26.053  INFO 18276 --- [http-nio-8081-exec-9] c.z.chat.config.RateLimiterInterceptor   : 阻塞中……
2024-04-23 20:31:26.117  INFO 18276 --- [http-nio-8081-exec-6] c.z.chat.config.RateLimiterInterceptor   : 阻塞中……
2024-04-23 20:31:26.205  INFO 18276 --- [http-nio-8081-exec-8] c.z.chat.config.RateLimiterInterceptor   : 阻塞中……
2024-04-23 20:31:26.205  INFO 18276 --- [http-nio-8081-exec-11] c.z.chat.config.RateLimiterInterceptor   : 阻塞中……
2024-04-23 20:31:28.206  INFO 18276 --- [http-nio-8081-exec-10] c.zwz.chat.config.WebSocketSingleServer  : [onClose] 有一连接关闭，session=a, 当前在线人数为：0
2024-04-23 20:31:28.222  INFO 18276 --- [http-nio-8081-exec-16] cn.zwz.chat.config.WebSocketServer       : userMap: {b={name=系统管理员, avatar=http://127.0.0.1:8080/zwz/file/view/1779879119278968832}}
2024-04-23 20:31:28.222  INFO 18276 --- [http-nio-8081-exec-16] cn.zwz.chat.config.WebSocketServer       : [onOpen] 有新用户加入，session=b, 当前在线人数为：1
2024-04-23 20:31:28.222  INFO 18276 --- [http-nio-8081-exec-16] cn.zwz.chat.config.WebSocketServer       : 服务端给客户端[b]发送消息{"users":[{"name":"系统管理员","avatar":"http://127.0.0.1:8080/zwz/file/view/1779879119278968832"}]}
2024-04-23 20:31:28.222  INFO 18276 --- [http-nio-8081-exec-20] c.z.chat.config.RateLimiterInterceptor   : 阻塞中……
2024-04-23 20:31:28.230  INFO 18276 --- [http-nio-8081-exec-13] c.z.chat.config.RateLimiterInterceptor   : 阻塞中……
2024-04-23 20:31:28.246  INFO 18276 --- [http-nio-8081-exec-12] c.z.chat.config.RateLimiterInterceptor   : 阻塞中……
2024-04-23 20:31:28.776  INFO 18276 --- [http-nio-8081-exec-17] cn.zwz.chat.config.WebSocketServer       : [onClose] 有一连接关闭，session=b, 当前在线人数为：0
2024-04-23 20:31:28.784  INFO 18276 --- [http-nio-8081-exec-23] c.zwz.chat.config.WebSocketSingleServer  : [onOpen] 新建连接，session=c, 当前在线人数为：1
2024-04-23 20:31:29.097  INFO 18276 --- [http-nio-8081-exec-18] c.z.chat.config.RateLimiterInterceptor   : 阻塞中……
2024-04-23 20:31:29.097  INFO 18276 --- [http-nio-8081-exec-24] c.z.chat.config.RateLimiterInterceptor   : 阻塞中……
2024-04-23 20:31:29.161  INFO 18276 --- [http-nio-8081-exec-19] c.z.chat.config.RateLimiterInterceptor   : 阻塞中……
2024-04-23 20:31:29.169  INFO 18276 --- [http-nio-8081-exec-27] c.z.chat.config.RateLimiterInterceptor   : 阻塞中……
2024-04-23 20:31:29.361  INFO 18276 --- [http-nio-8081-exec-25] c.z.chat.config.RateLimiterInterceptor   : 阻塞中……
2024-04-23 20:31:29.418  INFO 18276 --- [http-nio-8081-exec-28] c.z.chat.config.RateLimiterInterceptor   : 阻塞中……
2024-04-23 20:31:29.486  INFO 18276 --- [http-nio-8081-exec-26] c.z.chat.config.RateLimiterInterceptor   : 阻塞中……
2024-04-23 20:31:29.486  INFO 18276 --- [http-nio-8081-exec-29] c.z.chat.config.RateLimiterInterceptor   : 阻塞中……
2024-04-23 20:31:33.537  INFO 18276 --- [http-nio-8081-exec-30] c.zwz.chat.config.WebSocketSingleServer  : [onClose] 有一连接关闭，session=c, 当前在线人数为：0
2024-04-23 20:31:33.545  INFO 18276 --- [http-nio-8081-exec-15] cn.zwz.chat.config.WebSocketServer       : userMap: {d={name=系统管理员, avatar=http://127.0.0.1:8080/zwz/file/view/1779879119278968832}}
2024-04-23 20:31:33.545  INFO 18276 --- [http-nio-8081-exec-15] cn.zwz.chat.config.WebSocketServer       : [onOpen] 有新用户加入，session=d, 当前在线人数为：1
2024-04-23 20:31:33.545  INFO 18276 --- [http-nio-8081-exec-15] cn.zwz.chat.config.WebSocketServer       : 服务端给客户端[d]发送消息{"users":[{"name":"系统管理员","avatar":"http://127.0.0.1:8080/zwz/file/view/1779879119278968832"}]}
2024-04-23 20:31:33.561  INFO 18276 --- [http-nio-8081-exec-21] c.z.chat.config.RateLimiterInterceptor   : 阻塞中……
2024-04-23 20:31:33.561  INFO 18276 --- [http-nio-8081-exec-22] c.z.chat.config.RateLimiterInterceptor   : 阻塞中……
2024-04-23 20:31:33.585  INFO 18276 --- [http-nio-8081-exec-2] c.z.chat.config.RateLimiterInterceptor   : 阻塞中……
2024-04-23 20:31:40.776  INFO 18276 --- [http-nio-8081-exec-3] cn.zwz.chat.config.WebSocketServer       : 服务端收到消息:{"name":"系统管理员","content":"你好","avatar":"http://127.0.0.1:8080/zwz/file/view/1779879119278968832","type":"text"}
2024-04-23 20:31:41.009  INFO 18276 --- [http-nio-8081-exec-3] cn.zwz.chat.config.WebSocketServer       : 服务端给客户端[d]发送消息{"id":46243841,"content":"你好","name":"系统管理员","avatar":"http://127.0.0.1:8080/zwz/file/view/1779879119278968832","time":"2024-04-23 20:31:40","type":"text"}
2024-04-23 20:31:41.009  INFO 18276 --- [http-nio-8081-exec-3] cn.zwz.chat.config.WebSocketServer       : [onMessage] 发送消息：{"id":46243841,"content":"你好","name":"系统管理员","avatar":"http://127.0.0.1:8080/zwz/file/view/1779879119278968832","time":"2024-04-23 20:31:40","type":"text"}
2024-04-23 20:31:41.020  INFO 18276 --- [http-nio-8081-exec-1] c.z.chat.config.RateLimiterInterceptor   : 阻塞中……
2024-04-23 20:31:47.080  INFO 18276 --- [http-nio-8081-exec-4] c.z.chat.config.RateLimiterInterceptor   : 阻塞中……
2024-04-23 20:31:47.263  INFO 18276 --- [http-nio-8081-exec-7] c.z.chat.config.RateLimiterInterceptor   : 阻塞中……
2024-04-23 20:31:47.263  INFO 18276 --- [http-nio-8081-exec-5] c.z.chat.config.RateLimiterInterceptor   : 阻塞中……
2024-04-23 20:31:47.334  INFO 18276 --- [http-nio-8081-exec-7] c.z.chat.config.RateLimiterInterceptor   : 阻塞中……
2024-04-23 20:31:47.530  INFO 18276 --- [http-nio-8081-exec-9] c.z.chat.config.RateLimiterInterceptor   : 阻塞中……
2024-04-23 20:31:50.751  INFO 18276 --- [http-nio-8081-exec-6] c.z.chat.config.RateLimiterInterceptor   : 阻塞中……
2024-04-23 20:32:03.553  INFO 18276 --- [http-nio-8081-exec-8] cn.zwz.chat.config.WebSocketServer       : [onClose] 有一连接关闭，session=d, 当前在线人数为：0
2024-04-23 20:32:03.561  INFO 18276 --- [http-nio-8081-exec-11] c.zwz.chat.config.WebSocketSingleServer  : [onOpen] 新建连接，session=e, 当前在线人数为：1
2024-04-23 20:32:03.881  INFO 18276 --- [http-nio-8081-exec-16] c.z.chat.config.RateLimiterInterceptor   : 阻塞中……
2024-04-23 20:32:03.881  INFO 18276 --- [http-nio-8081-exec-10] c.z.chat.config.RateLimiterInterceptor   : 阻塞中……
2024-04-23 20:32:04.065  INFO 18276 --- [http-nio-8081-exec-13] c.z.chat.config.RateLimiterInterceptor   : 阻塞中……
2024-04-23 20:32:04.073  INFO 18276 --- [http-nio-8081-exec-20] c.z.chat.config.RateLimiterInterceptor   : 阻塞中……
2024-04-23 20:32:04.129  INFO 18276 --- [http-nio-8081-exec-12] c.z.chat.config.RateLimiterInterceptor   : 阻塞中……
2024-04-23 20:32:04.225  INFO 18276 --- [http-nio-8081-exec-17] c.z.chat.config.RateLimiterInterceptor   : 阻塞中……
2024-04-23 20:32:04.290  INFO 18276 --- [http-nio-8081-exec-18] c.z.chat.config.RateLimiterInterceptor   : 阻塞中……
2024-04-23 20:32:04.290  INFO 18276 --- [http-nio-8081-exec-23] c.z.chat.config.RateLimiterInterceptor   : 阻塞中……
2024-04-23 20:32:04.858  INFO 18276 --- [http-nio-8081-exec-24] c.zwz.chat.config.WebSocketSingleServer  : [onClose] 有一连接关闭，session=e, 当前在线人数为：0
2024-04-23 20:32:04.874  INFO 18276 --- [http-nio-8081-exec-24] cn.zwz.chat.config.WebSocketServer       : userMap: {f={name=系统管理员, avatar=http://127.0.0.1:8080/zwz/file/view/1779879119278968832}}
2024-04-23 20:32:04.874  INFO 18276 --- [http-nio-8081-exec-24] cn.zwz.chat.config.WebSocketServer       : [onOpen] 有新用户加入，session=f, 当前在线人数为：1
2024-04-23 20:32:04.874  INFO 18276 --- [http-nio-8081-exec-24] cn.zwz.chat.config.WebSocketServer       : 服务端给客户端[f]发送消息{"users":[{"name":"系统管理员","avatar":"http://127.0.0.1:8080/zwz/file/view/1779879119278968832"}]}
2024-04-23 20:32:04.890  INFO 18276 --- [http-nio-8081-exec-25] c.z.chat.config.RateLimiterInterceptor   : 阻塞中……
2024-04-23 20:32:04.890  INFO 18276 --- [http-nio-8081-exec-19] c.z.chat.config.RateLimiterInterceptor   : 阻塞中……
2024-04-23 20:32:04.914  INFO 18276 --- [http-nio-8081-exec-28] c.z.chat.config.RateLimiterInterceptor   : 阻塞中……
2024-04-23 20:32:04.930  INFO 18276 --- [http-nio-8081-exec-26] c.z.chat.config.RateLimiterInterceptor   : 阻塞中……
2024-04-23 20:32:05.138  INFO 18276 --- [http-nio-8081-exec-29] cn.zwz.chat.config.WebSocketServer       : [onClose] 有一连接关闭，session=f, 当前在线人数为：0
2024-04-23 20:32:05.138  INFO 18276 --- [http-nio-8081-exec-30] c.zwz.chat.config.WebSocketSingleServer  : [onOpen] 新建连接，session=10, 当前在线人数为：1
2024-04-23 20:32:05.547  INFO 18276 --- [http-nio-8081-exec-21] c.z.chat.config.RateLimiterInterceptor   : 阻塞中……
2024-04-23 20:32:05.563  INFO 18276 --- [http-nio-8081-exec-15] c.z.chat.config.RateLimiterInterceptor   : 阻塞中……
2024-04-23 20:32:05.739  INFO 18276 --- [http-nio-8081-exec-2] c.z.chat.config.RateLimiterInterceptor   : 阻塞中……
2024-04-23 20:32:05.739  INFO 18276 --- [http-nio-8081-exec-3] c.z.chat.config.RateLimiterInterceptor   : 阻塞中……
2024-04-23 20:32:05.747  INFO 18276 --- [http-nio-8081-exec-22] c.z.chat.config.RateLimiterInterceptor   : 阻塞中……
2024-04-23 20:32:05.899  INFO 18276 --- [http-nio-8081-exec-1] c.z.chat.config.RateLimiterInterceptor   : 阻塞中……
2024-04-23 20:32:06.075  INFO 18276 --- [http-nio-8081-exec-4] c.z.chat.config.RateLimiterInterceptor   : 阻塞中……
2024-04-23 20:32:06.075  INFO 18276 --- [http-nio-8081-exec-5] c.z.chat.config.RateLimiterInterceptor   : 阻塞中……
2024-04-23 20:32:06.363  INFO 18276 --- [http-nio-8081-exec-14] c.z.chat.config.RateLimiterInterceptor   : 阻塞中……
2024-04-23 20:32:06.411  INFO 18276 --- [http-nio-8081-exec-7] c.z.chat.config.RateLimiterInterceptor   : 阻塞中……
2024-04-23 20:32:06.435  INFO 18276 --- [http-nio-8081-exec-9] c.z.chat.config.RateLimiterInterceptor   : 阻塞中……
2024-04-23 20:32:06.483  INFO 18276 --- [http-nio-8081-exec-6] c.z.chat.config.RateLimiterInterceptor   : 阻塞中……
2024-04-23 20:32:10.510  INFO 18276 --- [http-nio-8081-exec-8] c.z.chat.config.RateLimiterInterceptor   : 阻塞中……
2024-04-23 20:32:10.534  INFO 18276 --- [http-nio-8081-exec-11] c.z.chat.config.RateLimiterInterceptor   : 阻塞中……
2024-04-23 20:32:10.878  INFO 18276 --- [http-nio-8081-exec-10] c.z.chat.config.RateLimiterInterceptor   : 阻塞中……
2024-04-23 20:32:10.918  INFO 18276 --- [http-nio-8081-exec-16] c.z.chat.config.RateLimiterInterceptor   : 阻塞中……
2024-04-23 20:32:11.367  INFO 18276 --- [http-nio-8081-exec-13] c.z.chat.config.RateLimiterInterceptor   : 阻塞中……
2024-04-23 20:32:11.391  INFO 18276 --- [http-nio-8081-exec-20] c.z.chat.config.RateLimiterInterceptor   : 阻塞中……
2024-04-23 20:32:11.695  INFO 18276 --- [http-nio-8081-exec-12] c.z.chat.config.RateLimiterInterceptor   : 阻塞中……
2024-04-23 20:32:11.727  INFO 18276 --- [http-nio-8081-exec-17] c.z.chat.config.RateLimiterInterceptor   : 阻塞中……
2024-04-23 20:32:16.431  INFO 18276 --- [http-nio-8081-exec-18] c.z.chat.config.RateLimiterInterceptor   : 阻塞中……
2024-04-23 20:32:28.280  INFO 18276 --- [http-nio-8081-exec-23] c.z.chat.config.RateLimiterInterceptor   : 阻塞中……
2024-04-23 20:32:28.280  INFO 18276 --- [http-nio-8081-exec-27] c.z.chat.config.RateLimiterInterceptor   : 阻塞中……
2024-04-23 20:32:28.312  INFO 18276 --- [http-nio-8081-exec-24] c.z.chat.config.RateLimiterInterceptor   : 阻塞中……
2024-04-23 20:32:28.408  INFO 18276 --- [http-nio-8081-exec-25] c.z.chat.config.RateLimiterInterceptor   : 阻塞中……
2024-04-23 20:32:30.473  INFO 18276 --- [http-nio-8081-exec-19] c.z.chat.config.RateLimiterInterceptor   : 阻塞中……
2024-04-23 20:32:35.006  INFO 18276 --- [http-nio-8081-exec-28] c.z.chat.config.RateLimiterInterceptor   : 阻塞中……
2024-04-23 20:32:35.006  INFO 18276 --- [http-nio-8081-exec-26] c.z.chat.config.RateLimiterInterceptor   : 阻塞中……
2024-04-23 20:32:35.054  INFO 18276 --- [http-nio-8081-exec-29] c.z.chat.config.RateLimiterInterceptor   : 阻塞中……
2024-04-23 20:32:35.126  INFO 18276 --- [http-nio-8081-exec-30] c.z.chat.config.RateLimiterInterceptor   : 阻塞中……
2024-04-23 20:32:35.182  INFO 18276 --- [http-nio-8081-exec-21] c.zwz.chat.config.WebSocketSingleServer  : [onClose] 有一连接关闭，session=10, 当前在线人数为：0
2024-04-23 20:32:35.230  INFO 18276 --- [http-nio-8081-exec-15] c.z.chat.config.RateLimiterInterceptor   : 阻塞中……
2024-04-23 20:32:35.544  INFO 18276 --- [http-nio-8081-exec-2] c.z.chat.config.RateLimiterInterceptor   : 阻塞中……
2024-04-23 20:32:36.382  INFO 18276 --- [http-nio-8081-exec-3] c.z.chat.config.RateLimiterInterceptor   : 阻塞中……
2024-04-23 20:32:36.598  INFO 18276 --- [http-nio-8081-exec-22] c.z.chat.config.RateLimiterInterceptor   : 阻塞中……
2024-04-23 20:32:36.993  INFO 18276 --- [http-nio-8081-exec-1] c.z.chat.config.RateLimiterInterceptor   : 阻塞中……
2024-04-23 20:32:37.212  INFO 18276 --- [http-nio-8081-exec-4] c.z.chat.config.RateLimiterInterceptor   : 阻塞中……
2024-04-23 20:32:39.138  INFO 18276 --- [http-nio-8081-exec-5] c.z.chat.config.RateLimiterInterceptor   : 阻塞中……
2024-04-23 20:32:39.510  INFO 18276 --- [http-nio-8081-exec-7] c.z.chat.config.RateLimiterInterceptor   : 阻塞中……
2024-04-23 20:32:39.510  INFO 18276 --- [http-nio-8081-exec-9] c.z.chat.config.RateLimiterInterceptor   : 阻塞中……
2024-04-23 20:32:44.075  INFO 18276 --- [http-nio-8081-exec-14] c.z.chat.config.RateLimiterInterceptor   : 阻塞中……
2024-04-23 20:32:44.179  INFO 18276 --- [http-nio-8081-exec-6] c.z.chat.config.RateLimiterInterceptor   : 阻塞中……
2024-04-23 20:32:44.203  INFO 18276 --- [http-nio-8081-exec-8] c.z.chat.config.RateLimiterInterceptor   : 阻塞中……
2024-04-23 20:32:46.278  INFO 18276 --- [http-nio-8081-exec-11] c.z.chat.config.RateLimiterInterceptor   : 阻塞中……
2024-04-23 20:32:48.286  INFO 18276 --- [http-nio-8081-exec-10] c.z.chat.config.RateLimiterInterceptor   : 阻塞中……
2024-04-23 20:32:59.661  INFO 18276 --- [http-nio-8081-exec-16] c.z.chat.config.RateLimiterInterceptor   : 阻塞中……
2024-04-23 21:08:26.710  INFO 18276 --- [SpringApplicationShutdownHook] o.s.b.w.e.tomcat.GracefulShutdown        : Commencing graceful shutdown. Waiting for active requests to complete
2024-04-23 21:08:26.721  INFO 18276 --- [tomcat-shutdown] o.s.b.w.e.tomcat.GracefulShutdown        : Graceful shutdown complete
2024-04-23 21:08:26.746  INFO 18276 --- [SpringApplicationShutdownHook] o.s.i.endpoint.EventDrivenConsumer       : Removing {logging-channel-adapter:_org.springframework.integration.errorLogger} as a subscriber to the 'errorChannel' channel
2024-04-23 21:08:26.746  INFO 18276 --- [SpringApplicationShutdownHook] o.s.i.channel.PublishSubscribeChannel    : Channel 'application.errorChannel' has 0 subscriber(s).
2024-04-23 21:08:26.746  INFO 18276 --- [SpringApplicationShutdownHook] o.s.i.endpoint.EventDrivenConsumer       : stopped bean '_org.springframework.integration.errorLogger'
2024-04-23 21:08:26.753  INFO 18276 --- [SpringApplicationShutdownHook] j.LocalContainerEntityManagerFactoryBean : Closing JPA EntityManagerFactory for persistence unit 'default'
2024-04-23 21:08:26.762  INFO 18276 --- [SpringApplicationShutdownHook] com.alibaba.druid.pool.DruidDataSource   : {dataSource-1} closing ...
2024-04-23 21:08:26.762  INFO 18276 --- [SpringApplicationShutdownHook] com.alibaba.druid.pool.DruidDataSource   : {dataSource-1} closed
